{"logTime": "0402/061843", "correlationVector":"LX5rji0UkMo0qlgCHUFzyp.1","action":"SyncServerConnectionManagerRequest", "result":"SYNC_SERVER_OK", "context":{"environment":"Prod_WestEurope_x00e", "migrationStage":"NotStarted", "server":"GENERAL0200003B"}}
{"logTime": "0402/061843", "correlationVector":"LX5rji0UkMo0qlgCHUFzyp","action":"Initial GetUpdates", "result":"", "context":Reason: NEW_CLIENT. cV=LX5rji0UkMo0qlgCHUFzyp}
{"logTime": "0402/061843", "correlationVector":"LX5rji0UkMo0qlgCHUFzyp.2","action":"GetUpdates Response", "result":"Success", "context":Received 1 update(s). cV=LX5rji0UkMo0qlgCHUFzyp.0;server=GENERAL0200003B;cloudType=Consumer;environment=Prod_WestEurope_x00e;migrationStage=NotStarted}
{"logTime": "0402/061844", "correlationVector":"P0qnSsttu+UIVvoguVz45H","action":"SyncServerConnectionManagerRequest", "result":"SYNC_SERVER_OK", "context":{"environment":"", "migrationStage":"", "server":""}}
{"logTime": "0402/061844", "correlationVector":"AJJ6NQtdUXeefDz1FT9BKp","action":"Initial GetUpdates", "result":"", "context":Reason: NEW_CLIENT. cV=AJJ6NQtdUXeefDz1FT9BKp}
{"logTime": "0402/061845", "correlationVector":"AJJ6NQtdUXeefDz1FT9BKp.1","action":"SyncServerConnectionManagerRequest", "result":"SYNC_SERVER_OK", "context":{"environment":"Prod_WestEurope_x00e", "migrationStage":"NotStarted", "server":"GENERAL01000024"}}
{"logTime": "0402/061845", "correlationVector":"AJJ6NQtdUXeefDz1FT9BKp.2","action":"GetUpdates Response", "result":"Success", "context":Received 144 update(s). cV=AJJ6NQtdUXeefDz1FT9BKp.0;server=GENERAL01000024;cloudType=Consumer;environment=Prod_WestEurope_x00e;migrationStage=NotStarted}
{"logTime": "0402/061845", "correlationVector":"XtjI7Zs3Vi0ng3d/ngsmGD","action":"Initial GetUpdates", "result":"", "context":Reason: NEWLY_SUPPORTED_DATATYPE. cV=XtjI7Zs3Vi0ng3d/ngsmGD}
{"logTime": "0402/061845", "correlationVector":"XtjI7Zs3Vi0ng3d/ngsmGD.1","action":"SyncServerConnectionManagerRequest", "result":"SYNC_SERVER_OK", "context":{"environment":"Prod_WestEurope_x00e", "migrationStage":"NotStarted", "server":"GENERAL0100001P"}}
{"logTime": "0402/061845", "correlationVector":"XtjI7Zs3Vi0ng3d/ngsmGD.2","action":"GetUpdates Response", "result":"Success", "context":Received 17 update(s). cV=XtjI7Zs3Vi0ng3d/ngsmGD.0;server=GENERAL0100001P;cloudType=Consumer;environment=Prod_WestEurope_x00e;migrationStage=NotStarted}
{"logTime": "0402/061845", "correlationVector":"vgiI/99OYRaRdxeYmqLVQx","action":"Initial GetUpdates", "result":"", "context":Reason: NEWLY_SUPPORTED_DATATYPE. cV=vgiI/99OYRaRdxeYmqLVQx}
{"logTime": "0402/061846", "correlationVector":"vgiI/99OYRaRdxeYmqLVQx.1","action":"SyncServerConnectionManagerRequest", "result":"SYNC_SERVER_OK", "context":{"environment":"Prod_NorthEurope_000h", "migrationStage":"NotStarted", "server":"GENERAL0100001H"}}
{"logTime": "0402/061846", "correlationVector":"vgiI/99OYRaRdxeYmqLVQx.2","action":"GetUpdates Response", "result":"Success", "context":Received 9 update(s). cV=vgiI/99OYRaRdxeYmqLVQx.0;server=GENERAL0100001H;cloudType=Consumer;environment=Prod_NorthEurope_000h;migrationStage=NotStarted}
{"logTime": "0402/061846", "correlationVector":"KwdYuXtvH27en6AGlkZXoD","action":"Normal GetUpdate request", "result":"", "context":cV=KwdYuXtvH27en6AGlkZXoD
Nudged types: Bookmarks, Device Info, User Consents
Refresh requested types: Bookmarks, Preferences, Passwords, Autofill Profiles, Extensions, Extension settings, Device Info, User Consents, Send Tab To Self, Web Apps, Collection, Edge E Drop, Edge Hub App Usage, Edge Wallet, Encryption Keys}
{"logTime": "0402/061846", "correlationVector":"KwdYuXtvH27en6AGlkZXoD.1","action":"SyncServerConnectionManagerRequest", "result":"SYNC_SERVER_OK", "context":{"environment":"Prod_NorthEurope_000h", "migrationStage":"NotStarted", "server":"GENERAL01000010"}}
{"logTime": "0402/061846", "correlationVector":"KwdYuXtvH27en6AGlkZXoD.2","action":"GetUpdates Response", "result":"Success", "context":Received 0 update(s). cV=KwdYuXtvH27en6AGlkZXoD.0;server=GENERAL01000010;cloudType=Consumer;environment=Prod_NorthEurope_000h;migrationStage=NotStarted}
{"logTime": "0402/061846", "correlationVector":"drVYEV5HROjXpfnYSqfSst","action":"Commit Request", "result":"", "context":Item count: 6
Contributing types: Bookmarks, Device Info, User Consents}
{"logTime": "0402/061847", "correlationVector":"drVYEV5HROjXpfnYSqfSst.1","action":"SyncServerConnectionManagerRequest", "result":"SYNC_SERVER_OK", "context":{"environment":"Prod_NorthEurope_000h", "migrationStage":"NotStarted", "server":"GENERAL01000021"}}
{"logTime": "0402/061847", "correlationVector":"drVYEV5HROjXpfnYSqfSst.2","action":"Commit Response", "result":"Success", "context":Result: Success. cV=drVYEV5HROjXpfnYSqfSst.0;server=GENERAL01000021;cloudType=Consumer;environment=Prod_NorthEurope_000h;migrationStage=NotStarted}
{"logTime": "0402/061847", "correlationVector":"SKeAt3ct0Nd0gox21gxyu5","action":"Normal GetUpdate request", "result":"", "context":cV=SKeAt3ct0Nd0gox21gxyu5
Nudged types: Device Info}
{"logTime": "0402/061848", "correlationVector":"SKeAt3ct0Nd0gox21gxyu5.1","action":"SyncServerConnectionManagerRequest", "result":"SYNC_SERVER_OK", "context":{"environment":"Prod_WestEurope_000l", "migrationStage":"NotStarted", "server":"GENERAL0300003M"}}
{"logTime": "0402/061848", "correlationVector":"SKeAt3ct0Nd0gox21gxyu5.2","action":"GetUpdates Response", "result":"Success", "context":Received 5 update(s). cV=SKeAt3ct0Nd0gox21gxyu5.0;server=GENERAL0300003M;cloudType=Consumer;environment=Prod_WestEurope_000l;migrationStage=NotStarted}
{"logTime": "0402/061857", "correlationVector":"E5w96zseN3ZOVApxElbBwg","action":"Commit Request", "result":"", "context":Item count: 40
Contributing types: Passwords}
{"logTime": "0402/061859", "correlationVector":"E5w96zseN3ZOVApxElbBwg.1","action":"SyncServerConnectionManagerRequest", "result":"SYNC_SERVER_OK", "context":{"environment":"Prod_WestEurope_x00e", "migrationStage":"NotStarted", "server":"GENERAL0100000Z"}}
{"logTime": "0402/061859", "correlationVector":"E5w96zseN3ZOVApxElbBwg.2","action":"Commit Response", "result":"Success", "context":Result: Success. cV=E5w96zseN3ZOVApxElbBwg.0;server=GENERAL0100000Z;cloudType=Consumer;environment=Prod_WestEurope_x00e;migrationStage=NotStarted}
{"logTime": "0402/061859", "correlationVector":"KXlEAAV5KOKhTWDc+JlQbY","action":"Commit Request", "result":"", "context":Item count: 6
Contributing types: Preferences, Passwords}
{"logTime": "0402/061900", "correlationVector":"KXlEAAV5KOKhTWDc+JlQbY.1","action":"SyncServerConnectionManagerRequest", "result":"SYNC_SERVER_OK", "context":{"environment":"Prod_WestEurope_x00e", "migrationStage":"NotStarted", "server":"GENERAL0100002G"}}
{"logTime": "0402/061900", "correlationVector":"KXlEAAV5KOKhTWDc+JlQbY.2","action":"Commit Response", "result":"Success", "context":Result: Success. cV=KXlEAAV5KOKhTWDc+JlQbY.0;server=GENERAL0100002G;cloudType=Consumer;environment=Prod_WestEurope_x00e;migrationStage=NotStarted}
